  Игра.cpp
C:\Users\lukma\source\repos\Игра\Игра\Игра.cpp(82,15): warning C4244: аргумент: преобразование "time_t" в "unsigned int", возможна потеря данных
C:\Users\lukma\source\repos\Игра\Игра\Игра.cpp(83,31): warning C4101: rnd: неиспользованная локальная переменная
C:\Users\lukma\source\repos\Игра\Игра\Игра.cpp(307,64): warning C4244: аргумент: преобразование "float" в "int", возможна потеря данных
C:\Users\lukma\source\repos\Игра\Игра\Игра.cpp(307,58): warning C4244: аргумент: преобразование "float" в "int", возможна потеря данных
C:\Users\lukma\source\repos\Игра\Игра\Игра.cpp(391,64): warning C4244: аргумент: преобразование "float" в "int", возможна потеря данных
C:\Users\lukma\source\repos\Игра\Игра\Игра.cpp(391,58): warning C4244: аргумент: преобразование "float" в "int", возможна потеря данных
C:\Users\lukma\source\repos\Игра\Игра\Игра.cpp(432,44): warning C4244: аргумент: преобразование "int" в "float", возможна потеря данных
C:\Users\lukma\source\repos\Игра\Игра\Игра.cpp(435,46): warning C4244: аргумент: преобразование "int" в "float", возможна потеря данных
C:\Users\lukma\source\repos\Игра\Игра\Игра.cpp(438,43): warning C4244: аргумент: преобразование "int" в "float", возможна потеря данных
C:\Users\lukma\source\repos\Игра\Игра\Игра.cpp(448,62): warning C4244: аргумент: преобразование "int" в "float", возможна потеря данных
C:\Users\lukma\source\repos\Игра\Игра\Игра.cpp(448,48): warning C4244: аргумент: преобразование "int" в "float", возможна потеря данных
C:\Users\lukma\source\repos\Игра\Игра\Игра.cpp(452,64): warning C4244: аргумент: преобразование "int" в "float", возможна потеря данных
C:\Users\lukma\source\repos\Игра\Игра\Игра.cpp(452,50): warning C4244: аргумент: преобразование "int" в "float", возможна потеря данных
C:\Users\lukma\source\repos\Игра\Игра\Игра.cpp(456,61): warning C4244: аргумент: преобразование "int" в "float", возможна потеря данных
C:\Users\lukma\source\repos\Игра\Игра\Игра.cpp(456,47): warning C4244: аргумент: преобразование "int" в "float", возможна потеря данных
C:\Users\lukma\source\repos\Игра\Игра\Игра.cpp(460,65): warning C4244: аргумент: преобразование "int" в "float", возможна потеря данных
C:\Users\lukma\source\repos\Игра\Игра\Игра.cpp(460,52): warning C4244: аргумент: преобразование "int" в "float", возможна потеря данных
C:\Users\lukma\source\repos\Игра\Игра\Игра.cpp(464,67): warning C4244: аргумент: преобразование "int" в "float", возможна потеря данных
C:\Users\lukma\source\repos\Игра\Игра\Игра.cpp(464,54): warning C4244: аргумент: преобразование "int" в "float", возможна потеря данных
C:\Users\lukma\source\repos\Игра\Игра\Игра.cpp(468,64): warning C4244: аргумент: преобразование "int" в "float", возможна потеря данных
C:\Users\lukma\source\repos\Игра\Игра\Игра.cpp(468,51): warning C4244: аргумент: преобразование "int" в "float", возможна потеря данных
C:\Users\lukma\source\repos\Игра\Игра\Игра.cpp(472,63): warning C4244: аргумент: преобразование "int" в "float", возможна потеря данных
C:\Users\lukma\source\repos\Игра\Игра\Игра.cpp(472,49): warning C4244: аргумент: преобразование "int" в "float", возможна потеря данных
C:\Users\lukma\source\repos\Игра\Игра\Игра.cpp(488,48): warning C4244: аргумент: преобразование "int" в "float", возможна потеря данных
C:\Users\lukma\source\repos\Игра\Игра\Игра.cpp(491,50): warning C4244: аргумент: преобразование "int" в "float", возможна потеря данных
C:\Users\lukma\source\repos\Игра\Игра\Игра.cpp(494,47): warning C4244: аргумент: преобразование "int" в "float", возможна потеря данных
C:\Users\lukma\source\repos\Игра\Игра\Игра.cpp(502,66): warning C4244: аргумент: преобразование "int" в "float", возможна потеря данных
C:\Users\lukma\source\repos\Игра\Игра\Игра.cpp(502,52): warning C4244: аргумент: преобразование "int" в "float", возможна потеря данных
C:\Users\lukma\source\repos\Игра\Игра\Игра.cpp(506,68): warning C4244: аргумент: преобразование "int" в "float", возможна потеря данных
C:\Users\lukma\source\repos\Игра\Игра\Игра.cpp(506,54): warning C4244: аргумент: преобразование "int" в "float", возможна потеря данных
C:\Users\lukma\source\repos\Игра\Игра\Игра.cpp(510,65): warning C4244: аргумент: преобразование "int" в "float", возможна потеря данных
C:\Users\lukma\source\repos\Игра\Игра\Игра.cpp(510,51): warning C4244: аргумент: преобразование "int" в "float", возможна потеря данных
C:\Users\lukma\source\repos\Игра\Игра\Игра.cpp(514,67): warning C4244: аргумент: преобразование "int" в "float", возможна потеря данных
C:\Users\lukma\source\repos\Игра\Игра\Игра.cpp(514,53): warning C4244: аргумент: преобразование "int" в "float", возможна потеря данных
  Игра.vcxproj -> C:\Users\lukma\source\repos\Игра\x64\Debug\Игра.exe
